<?xml version="1.0" encoding="UTF-8"?>
<!-- Generated by org.testng.reporters.JUnitReportReporter -->
<testsuite skipped="0" hostname="LAPTOP-13LQO7QE" name="testnglearning_youtubechannel.Groups_InvocationCount" tests="4" failures="0" timestamp="2020-06-02T12:30:37 IST" time="0.022" errors="0">
  <testcase name="HomePageValidation" time="0.018" classname="testnglearning_youtubechannel.Groups_InvocationCount"/>
  <system-out/>
  <testcase name="login" time="0.001" classname="testnglearning_youtubechannel.Groups_InvocationCount"/>
  <system-out/>
  <testcase name="OpenURL" time="0.002" classname="testnglearning_youtubechannel.Groups_InvocationCount"/>
  <system-out/>
  <testcase name="logout" time="0.001" classname="testnglearning_youtubechannel.Groups_InvocationCount"/>
  <system-out/>
</testsuite> <!-- testnglearning_youtubechannel.Groups_InvocationCount -->
