<?xml version="1.0" encoding="UTF-8"?>
<!-- Generated by org.testng.reporters.JUnitReportReporter -->
<testsuite skipped="1" hostname="LAPTOP-13LQO7QE" name="testnglearning_youtubechannel.Priority_TestCases_Execution" tests="4" failures="0" timestamp="2020-06-17T10:13:12 IST" time="0.003" errors="0">
  <testcase name="Balloon" time="0.001" classname="testnglearning_youtubechannel.Priority_TestCases_Execution"/>
  <system-out/>
  <testcase name="Coding" time="0.002" classname="testnglearning_youtubechannel.Priority_TestCases_Execution"/>
  <system-out/>
  <testcase name="Apple" time="0.000" classname="testnglearning_youtubechannel.Priority_TestCases_Execution"/>
  <system-out/>
  <testcase name="Zebra" classname="testnglearning_youtubechannel.Priority_TestCases_Execution">
    <skipped/>
  </testcase> <!-- Zebra -->
  <system-out/>
</testsuite> <!-- testnglearning_youtubechannel.Priority_TestCases_Execution -->
