<?xml version="1.0" encoding="UTF-8"?>
<!-- Generated by org.testng.reporters.JUnitReportReporter -->
<testsuite skipped="0" hostname="LAPTOP-13LQO7QE" name="taditseleniumbatch.Rediff_Paramterization" tests="1" failures="0" timestamp="2020-09-26T07:03:23 IST" time="31.415" errors="0">
  <testcase name="testing" time="31.415" classname="taditseleniumbatch.Rediff_Paramterization"/>
  <system-out/>
</testsuite> <!-- taditseleniumbatch.Rediff_Paramterization -->
