<?xml version="1.0" encoding="UTF-8"?>
<!-- Generated by org.testng.reporters.JUnitReportReporter -->
<testsuite skipped="0" hostname="LAPTOP-13LQO7QE" name="testnglearning_youtubechannel.TestNg_Annotations" tests="2" failures="0" timestamp="2020-06-17T10:13:12 IST" time="0.004" errors="0">
  <testcase name="logintest" time="0.003" classname="testnglearning_youtubechannel.TestNg_Annotations"/>
  <system-out/>
  <testcase name="regtest" time="0.001" classname="testnglearning_youtubechannel.TestNg_Annotations"/>
  <system-out/>
</testsuite> <!-- testnglearning_youtubechannel.TestNg_Annotations -->
