<?xml version="1.0" encoding="UTF-8"?>
<!-- Generated by org.testng.reporters.JUnitReportReporter -->
<testsuite skipped="0" hostname="LAPTOP-13LQO7QE" name="parametrization.Login" tests="3" failures="0" timestamp="2020-04-11T16:03:40 IST" time="0.019" errors="0">
  <testcase name="logintest" time="0.002" classname="parametrization.Login"/>
  <system-out/>
  <testcase name="logintest" time="0.014" classname="parametrization.Login"/>
  <system-out/>
  <testcase name="logintest" time="0.003" classname="parametrization.Login"/>
  <system-out/>
</testsuite> <!-- parametrization.Login -->
