<?xml version="1.0" encoding="UTF-8"?>
<!-- Generated by org.testng.reporters.JUnitReportReporter -->
<testsuite skipped="0" hostname="LAPTOP-13LQO7QE" name="testnglearning_youtubechannel.Dependencies_TestCases" tests="3" failures="0" timestamp="2020-06-17T10:13:12 IST" time="12.584" errors="0">
  <testcase name="URLOpen" time="10.779" classname="testnglearning_youtubechannel.Dependencies_TestCases"/>
  <system-out/>
  <testcase name="gotoLoginPage" time="1.197" classname="testnglearning_youtubechannel.Dependencies_TestCases"/>
  <system-out/>
  <testcase name="LoginPageDataEntry" time="0.608" classname="testnglearning_youtubechannel.Dependencies_TestCases"/>
  <system-out/>
</testsuite> <!-- testnglearning_youtubechannel.Dependencies_TestCases -->
