<?xml version="1.0" encoding="UTF-8"?>
<!-- Generated by org.testng.reporters.JUnitReportReporter -->
<testsuite skipped="0" hostname="LAPTOP-13LQO7QE" name="testngparametrization.Annoations_Precedence" tests="1" failures="0" timestamp="2020-07-14T13:51:26 IST" time="0.008" errors="0">
  <testcase name="testcase" time="0.008" classname="testngparametrization.Annoations_Precedence"/>
  <system-out/>
</testsuite> <!-- testngparametrization.Annoations_Precedence -->
