<?xml version="1.0" encoding="UTF-8"?>
<!-- Generated by org.testng.reporters.JUnitReportReporter -->
<testsuite skipped="0" hostname="LAPTOP-13LQO7QE" name="testnglearning_youtubechannel.Hindi_BM_T_AM" tests="2" failures="0" timestamp="2020-06-17T10:02:57 IST" time="0.004" errors="0">
  <testcase name="UserMoneyControl" time="0.002" classname="testnglearning_youtubechannel.Hindi_BM_T_AM"/>
  <system-out/>
  <testcase name="UserLogin" time="0.002" classname="testnglearning_youtubechannel.Hindi_BM_T_AM"/>
  <system-out/>
</testsuite> <!-- testnglearning_youtubechannel.Hindi_BM_T_AM -->
