<?xml version="1.0" encoding="UTF-8"?>
<!-- Generated by org.testng.reporters.JUnitReportReporter -->
<testsuite skipped="0" hostname="LAPTOP-13LQO7QE" name="testng_cmegroup.Verifying_Trio_Combo" tests="4" failures="0" timestamp="2020-07-15T12:48:43 IST" time="0.011" errors="0">
  <testcase name="testcasenumber4" time="0.003" classname="testng_cmegroup.Verifying_Trio_Combo"/>
  <system-out/>
  <testcase name="testcasenumber1" time="0.003" classname="testng_cmegroup.Verifying_Trio_Combo"/>
  <system-out/>
  <testcase name="testcasenumber2" time="0.004" classname="testng_cmegroup.Verifying_Trio_Combo"/>
  <system-out/>
  <testcase name="testcasenumber3" time="0.001" classname="testng_cmegroup.Verifying_Trio_Combo"/>
  <system-out/>
</testsuite> <!-- testng_cmegroup.Verifying_Trio_Combo -->
