<?xml version="1.0" encoding="UTF-8"?>
<!-- Generated by org.testng.reporters.JUnitReportReporter -->
<testsuite skipped="0" hostname="LAPTOP-13LQO7QE" name="testnglearning_youtubechannel.Only_TestCase_NoOtherTestNG_Annotations" tests="4" failures="0" timestamp="2020-06-17T10:13:12 IST" time="0.011" errors="0">
  <testcase name="loginTest" time="0.003" classname="testnglearning_youtubechannel.Only_TestCase_NoOtherTestNG_Annotations"/>
  <system-out/>
  <testcase name="HomePageValidationTest" time="0.003" classname="testnglearning_youtubechannel.Only_TestCase_NoOtherTestNG_Annotations"/>
  <system-out/>
  <testcase name="launchbrowser" time="0.003" classname="testnglearning_youtubechannel.Only_TestCase_NoOtherTestNG_Annotations"/>
  <system-out/>
  <testcase name="LogOut" time="0.002" classname="testnglearning_youtubechannel.Only_TestCase_NoOtherTestNG_Annotations"/>
  <system-out/>
</testsuite> <!-- testnglearning_youtubechannel.Only_TestCase_NoOtherTestNG_Annotations -->
