<?xml version="1.0" encoding="UTF-8"?>
<!-- Generated by org.testng.reporters.JUnitReportReporter -->
<testsuite skipped="1" hostname="LAPTOP-13LQO7QE" name="taditseleniumbatch2.TestNG" tests="9" failures="0" timestamp="2020-12-30T08:01:51 IST" time="0.025" errors="0">
  <testcase name="ValidCredentials" time="0.002" classname="taditseleniumbatch2.TestNG"/>
  <system-out/>
  <testcase name="InvalidCredentials" time="0.005" classname="taditseleniumbatch2.TestNG"/>
  <system-out/>
  <testcase name="LoginPageOpen" time="0.002" classname="taditseleniumbatch2.TestNG"/>
  <system-out/>
  <testcase name="cat" time="0.006" classname="taditseleniumbatch2.TestNG"/>
  <system-out/>
  <testcase name="dog" time="0.002" classname="taditseleniumbatch2.TestNG"/>
  <system-out/>
  <testcase name="elephant" time="0.001" classname="taditseleniumbatch2.TestNG"/>
  <system-out/>
  <testcase name="ball" time="0.004" classname="taditseleniumbatch2.TestNG"/>
  <system-out/>
  <testcase name="apple" time="0.003" classname="taditseleniumbatch2.TestNG"/>
  <system-out/>
  <testcase name="notImportant" classname="taditseleniumbatch2.TestNG">
    <skipped/>
  </testcase> <!-- notImportant -->
  <system-out/>
</testsuite> <!-- taditseleniumbatch2.TestNG -->
