<?xml version="1.0" encoding="UTF-8"?>
<!-- Generated by org.testng.reporters.JUnitReportReporter -->
<testsuite skipped="0" hostname="LAPTOP-13LQO7QE" name="testnglearning_youtubechannel.Always_Run" tests="7" failures="0" timestamp="2020-06-17T10:13:12 IST" time="0.013" errors="0">
  <testcase name="URLOpening" time="0.001" classname="testnglearning_youtubechannel.Always_Run"/>
  <system-out/>
  <testcase name="ValidCredentials" time="0.001" classname="testnglearning_youtubechannel.Always_Run"/>
  <system-out/>
  <testcase name="HomePageValidation" time="0.001" classname="testnglearning_youtubechannel.Always_Run"/>
  <system-out/>
  <testcase name="Logout" time="0.002" classname="testnglearning_youtubechannel.Always_Run"/>
  <system-out/>
  <testcase name="LoginPageOpen" time="0.001" classname="testnglearning_youtubechannel.Always_Run"/>
  <system-out/>
  <testcase name="EnterProduct" time="0.006" classname="testnglearning_youtubechannel.Always_Run"/>
  <system-out/>
  <testcase name="InvalidCredentials" time="0.001" classname="testnglearning_youtubechannel.Always_Run"/>
  <system-out/>
</testsuite> <!-- testnglearning_youtubechannel.Always_Run -->
