<?xml version="1.0" encoding="UTF-8"?>
<!-- Generated by org.testng.reporters.JUnitReportReporter -->
<testsuite skipped="0" hostname="LAPTOP-13LQO7QE" name="hotlanta.Login_Hotlanta" tests="2" failures="0" timestamp="2020-03-11T18:44:05 IST" time="6.727" errors="0">
  <testcase name="login" time="6.244" classname="hotlanta.Login_Hotlanta"/>
  <system-out/>
  <testcase name="manageAlert" time="0.483" classname="hotlanta.Login_Hotlanta"/>
  <system-out/>
</testsuite> <!-- hotlanta.Login_Hotlanta -->
