<?xml version="1.0" encoding="UTF-8"?>
<!-- Generated by org.testng.reporters.JUnitReportReporter -->
<testsuite skipped="0" hostname="LAPTOP-13LQO7QE" name="javascriptexecutors.JS_Rediff" tests="1" failures="0" timestamp="2021-01-03T14:15:47 IST" time="13.599" errors="0">
  <testcase name="rediffLogin" time="13.599" classname="javascriptexecutors.JS_Rediff"/>
  <system-out/>
</testsuite> <!-- javascriptexecutors.JS_Rediff -->
