<?xml version="1.0" encoding="UTF-8"?>
<!-- Generated by org.testng.reporters.JUnitReportReporter -->
<testsuite skipped="0" hostname="LAPTOP-13LQO7QE" name="taditseleniumbatch2.B" tests="2" failures="0" timestamp="2020-12-30T07:43:55 IST" time="20.729" errors="0">
  <testcase name="launchURL" time="10.196" classname="taditseleniumbatch2.B"/>
  <system-out/>
  <testcase name="loginPage" time="10.533" classname="taditseleniumbatch2.B"/>
  <system-out/>
</testsuite> <!-- taditseleniumbatch2.B -->
