<?xml version="1.0" encoding="UTF-8"?>
<!-- Generated by org.testng.reporters.JUnitReportReporter -->
<testsuite skipped="0" hostname="LAPTOP-13LQO7QE" name="testngparametrization.Using_TestNG_XML_File" tests="1" failures="0" timestamp="27 May 2020 08:49:05 GMT" time="18.675" errors="0">
  <testcase name="RediffLogin" time="18.675" classname="testngparametrization.Using_TestNG_XML_File"/>
</testsuite> <!-- testngparametrization.Using_TestNG_XML_File -->
