<?xml version="1.0" encoding="UTF-8"?>
<!-- Generated by org.testng.reporters.JUnitReportReporter -->
<testsuite skipped="0" hostname="LAPTOP-13LQO7QE" name="browsers.Browser_Select" tests="3" failures="0" timestamp="04 Jan 2020 18:48:59 GMT" time="26.356" errors="0">
  <testcase name="OpenURL" time="7.495" classname="browsers.Browser_Select"/>
  <testcase name="OpenURL" time="6.435" classname="browsers.Browser_Select"/>
  <testcase name="OpenURL" time="12.426" classname="browsers.Browser_Select"/>
</testsuite> <!-- browsers.Browser_Select -->
