<?xml version="1.0" encoding="UTF-8"?>
<!-- Generated by org.testng.reporters.JUnitReportReporter -->
<testsuite skipped="0" hostname="LAPTOP-13LQO7QE" name="taditseleniumbatch2.C" tests="2" failures="0" timestamp="2020-12-30T07:43:55 IST" time="12.164" errors="0">
  <testcase name="tearDown" time="0.495" classname="taditseleniumbatch2.C"/>
  <system-out/>
  <testcase name="launchURL" time="11.669" classname="taditseleniumbatch2.C"/>
  <system-out/>
</testsuite> <!-- taditseleniumbatch2.C -->
