<?xml version="1.0" encoding="UTF-8"?>
<!-- Generated by org.testng.reporters.JUnitReportReporter -->
<testsuite skipped="0" hostname="LAPTOP-13LQO7QE" name="testng.Annotations" tests="1" failures="0" timestamp="2020-03-19T10:05:46 IST" time="0.013" errors="0">
  <testcase name="Test5" time="0.013" classname="testng.Annotations"/>
  <system-out/>
</testsuite> <!-- testng.Annotations -->
