<?xml version="1.0" encoding="UTF-8"?>
<!-- Generated by org.testng.reporters.JUnitReportReporter -->
<testsuite skipped="0" hostname="LAPTOP-13LQO7QE" name="testnglearning_youtubechannel.Learning_Assertions" tests="1" failures="0" timestamp="2020-06-17T10:13:12 IST" time="0.001" errors="0">
  <testcase name="ParameterA" time="0.001" classname="testnglearning_youtubechannel.Learning_Assertions"/>
  <system-out/>
</testsuite> <!-- testnglearning_youtubechannel.Learning_Assertions -->
