<?xml version="1.0" encoding="UTF-8"?>
<!-- Generated by org.testng.reporters.JUnitReportReporter -->
<testsuite skipped="0" hostname="LAPTOP-13LQO7QE" name="testnglearning_youtubechannel.DP_Concept" tests="3" failures="0" timestamp="2020-06-04T10:36:23 IST" time="0.015" errors="0">
  <testcase name="AddUser" time="0.011" classname="testnglearning_youtubechannel.DP_Concept"/>
  <system-out/>
  <testcase name="AddUser" time="0.002" classname="testnglearning_youtubechannel.DP_Concept"/>
  <system-out/>
  <testcase name="AddUser" time="0.002" classname="testnglearning_youtubechannel.DP_Concept"/>
  <system-out/>
</testsuite> <!-- testnglearning_youtubechannel.DP_Concept -->
