<?xml version="1.0" encoding="UTF-8"?>
<!-- Generated by org.testng.reporters.JUnitReportReporter -->
<testsuite skipped="0" hostname="LAPTOP-13LQO7QE" name="testnglearning_youtubechannel.Features_testNG" tests="3" failures="0" timestamp="2020-05-31T17:13:19 IST" time="0.019" errors="0">
  <testcase name="Balloon" time="0.015" classname="testnglearning_youtubechannel.Features_testNG"/>
  <system-out/>
  <testcase name="Coding" time="0.002" classname="testnglearning_youtubechannel.Features_testNG"/>
  <system-out/>
  <testcase name="Apple" time="0.002" classname="testnglearning_youtubechannel.Features_testNG"/>
  <system-out/>
</testsuite> <!-- testnglearning_youtubechannel.Features_testNG -->
