<?xml version="1.0" encoding="UTF-8"?>
<!-- Generated by org.testng.reporters.JUnitReportReporter -->
<testsuite skipped="0" hostname="LAPTOP-13LQO7QE" name="testngparametrization.Login" tests="3" failures="0" timestamp="27 May 2020 15:47:57 GMT" time="0.030" errors="0">
  <testcase name="logintest" time="0.003" classname="testngparametrization.Login"/>
  <testcase name="logintest" time="0.003" classname="testngparametrization.Login"/>
  <testcase name="logintest" time="0.024" classname="testngparametrization.Login"/>
</testsuite> <!-- testngparametrization.Login -->
