<?xml version="1.0" encoding="UTF-8"?>
<!-- Generated by org.testng.reporters.JUnitReportReporter -->
<testsuite skipped="0" hostname="LAPTOP-13LQO7QE" name="testng_cmegroup.Annotations" tests="2" failures="0" timestamp="2020-07-15T12:48:43 IST" time="0.011" errors="0">
  <testcase name="testcasenumber2" time="0.002" classname="testng_cmegroup.Annotations"/>
  <system-out/>
  <testcase name="testcase" time="0.009" classname="testng_cmegroup.Annotations"/>
  <system-out/>
</testsuite> <!-- testng_cmegroup.Annotations -->
