<?xml version="1.0" encoding="UTF-8"?>
<!-- Generated by org.testng.reporters.JUnitReportReporter -->
<testsuite skipped="0" hostname="LAPTOP-13LQO7QE" name="rediff.Rediff" tests="3" failures="0" timestamp="01 Mar 2020 07:04:32 GMT" time="4.104" errors="0">
  <testcase name="LoginPage" time="2.479" classname="rediff.Rediff"/>
  <testcase name="LoginPageSequence" time="1.610" classname="rediff.Rediff"/>
  <testcase name="LandingPage" time="0.015" classname="rediff.Rediff"/>
</testsuite> <!-- rediff.Rediff -->
