<?xml version="1.0" encoding="UTF-8"?>
<!-- Generated by org.testng.reporters.JUnitReportReporter -->
<testsuite skipped="1" hostname="LAPTOP-13LQO7QE" name="Discussion_TestNG" tests="3" failures="0" timestamp="2021-06-09T23:30:12 IST" time="0.014" errors="0">
  <testcase name="test" time="0.013" classname="Discussion_TestNG"/>
  <system-out/>
  <testcase name="test2" time="0.001" classname="Discussion_TestNG"/>
  <system-out/>
  <testcase name="test1" classname="Discussion_TestNG">
    <skipped/>
  </testcase> <!-- test1 -->
  <system-out/>
</testsuite> <!-- Discussion_TestNG -->
