<?xml version="1.0" encoding="UTF-8"?>
<!-- Generated by org.testng.reporters.JUnitReportReporter -->
<testsuite skipped="0" hostname="LAPTOP-13LQO7QE" name="testnglearning_youtubechannel.Groups_Invocation" tests="4" failures="0" timestamp="2020-06-02T13:45:36 IST" time="0.061" errors="0">
  <testcase name="Login" time="0.002" classname="testnglearning_youtubechannel.Groups_Invocation"/>
  <system-out/>
  <testcase name="LogOut" time="0.002" classname="testnglearning_youtubechannel.Groups_Invocation"/>
  <system-out/>
  <testcase name="HomePageValidation" time="0.056" classname="testnglearning_youtubechannel.Groups_Invocation"/>
  <system-out/>
  <testcase name="OpenURL" time="0.001" classname="testnglearning_youtubechannel.Groups_Invocation"/>
  <system-out/>
</testsuite> <!-- testnglearning_youtubechannel.Groups_Invocation -->
