<?xml version="1.0" encoding="UTF-8"?>
<!-- Generated by org.testng.reporters.JUnitReportReporter -->
<testsuite skipped="0" hostname="LAPTOP-13LQO7QE" name="taditseleniumbatch.DataProvider_Concept" tests="4" failures="0" timestamp="2020-09-26T06:56:11 IST" time="0.024" errors="0">
  <testcase name="dataparameterization" time="0.002" classname="taditseleniumbatch.DataProvider_Concept"/>
  <system-out/>
  <testcase name="dataparameterization" time="0.019" classname="taditseleniumbatch.DataProvider_Concept"/>
  <system-out/>
  <testcase name="dataparameterization" time="0.002" classname="taditseleniumbatch.DataProvider_Concept"/>
  <system-out/>
  <testcase name="dataparameterization" time="0.001" classname="taditseleniumbatch.DataProvider_Concept"/>
  <system-out/>
</testsuite> <!-- taditseleniumbatch.DataProvider_Concept -->
