<?xml version="1.0" encoding="UTF-8"?>
<!-- Generated by org.testng.reporters.JUnitReportReporter -->
<testsuite skipped="0" hostname="LAPTOP-13LQO7QE" name="taditseleniumbatch.Properties_File_Concept" tests="1" failures="0" timestamp="2020-09-23T07:00:14 IST" time="28.118" errors="0">
  <testcase name="Rediff" time="28.118" classname="taditseleniumbatch.Properties_File_Concept"/>
  <system-out/>
</testsuite> <!-- taditseleniumbatch.Properties_File_Concept -->
