<?xml version="1.0" encoding="UTF-8"?>
<!-- Generated by org.testng.reporters.JUnitReportReporter -->
<testsuite skipped="0" hostname="LAPTOP-13LQO7QE" name="taditseleniumbatch.Difference_Annotations" tests="4" failures="0" timestamp="2020-09-19T06:39:12 IST" time="0.035" errors="0">
  <testcase name="login" time="0.004" classname="taditseleniumbatch.Difference_Annotations"/>
  <system-out/>
  <testcase name="selectitem" time="0.005" classname="taditseleniumbatch.Difference_Annotations"/>
  <system-out/>
  <testcase name="addtoCart" time="0.008" classname="taditseleniumbatch.Difference_Annotations"/>
  <system-out/>
  <testcase name="logout" time="0.018" classname="taditseleniumbatch.Difference_Annotations"/>
  <system-out/>
</testsuite> <!-- taditseleniumbatch.Difference_Annotations -->
