<?xml version="1.0" encoding="UTF-8"?>
<!-- Generated by org.testng.reporters.JUnitReportReporter -->
<testsuite skipped="0" hostname="LAPTOP-13LQO7QE" name="taditseleniumbatch2.TestNG_Annotations" tests="3" failures="0" timestamp="2020-12-30T08:01:51 IST" time="0.006" errors="0">
  <testcase name="testCase1" time="0.002" classname="taditseleniumbatch2.TestNG_Annotations"/>
  <system-out/>
  <testcase name="testCase2" time="0.002" classname="taditseleniumbatch2.TestNG_Annotations"/>
  <system-out/>
  <testcase name="testCase3" time="0.002" classname="taditseleniumbatch2.TestNG_Annotations"/>
  <system-out/>
</testsuite> <!-- taditseleniumbatch2.TestNG_Annotations -->
