<?xml version="1.0" encoding="UTF-8"?>
<!-- Generated by org.testng.reporters.JUnitReportReporter -->
<testsuite skipped="0" hostname="LAPTOP-13LQO7QE" name="testnglearning_youtubechannel.DataProvider_Basic_Concept" tests="3" failures="0" timestamp="2020-06-17T10:17:20 IST" time="0.012" errors="0">
  <testcase name="AddUser" time="0.010" classname="testnglearning_youtubechannel.DataProvider_Basic_Concept"/>
  <system-out/>
  <testcase name="AddUser" time="0.001" classname="testnglearning_youtubechannel.DataProvider_Basic_Concept"/>
  <system-out/>
  <testcase name="AddUser" time="0.001" classname="testnglearning_youtubechannel.DataProvider_Basic_Concept"/>
  <system-out/>
</testsuite> <!-- testnglearning_youtubechannel.DataProvider_Basic_Concept -->
