<?xml version="1.0" encoding="UTF-8"?>
<!-- Generated by org.testng.reporters.JUnitReportReporter -->
<testsuite skipped="0" hostname="LAPTOP-13LQO7QE" name="testnglearning_youtubechannel.Paramterization_tngxml" tests="1" failures="0" timestamp="2020-06-18T10:20:00 IST" time="37.556" errors="0">
  <testcase name="SetUp" time="37.556" classname="testnglearning_youtubechannel.Paramterization_tngxml"/>
  <system-out/>
</testsuite> <!-- testnglearning_youtubechannel.Paramterization_tngxml -->
