<?xml version="1.0" encoding="UTF-8"?>
<!-- Generated by org.testng.reporters.JUnitReportReporter -->
<testsuite skipped="0" hostname="LAPTOP-13LQO7QE" name="taditseleniumbatch.Annotations_TestNG" tests="1" failures="0" timestamp="2020-09-22T06:55:44 IST" time="0.004" errors="0">
  <testcase name="testing" time="0.004" classname="taditseleniumbatch.Annotations_TestNG"/>
  <system-out/>
</testsuite> <!-- taditseleniumbatch.Annotations_TestNG -->
