<?xml version="1.0" encoding="UTF-8"?>
<!-- Generated by org.testng.reporters.JUnitReportReporter -->
<testsuite skipped="1" hostname="LAPTOP-13LQO7QE" name="testngparametrization.DataProvider_Excel" tests="1" failures="0" timestamp="2020-05-30T13:32:06 IST" time="0.000" errors="0">
  <testcase name="RediffLogin" time="0.000" classname="testngparametrization.DataProvider_Excel">
    <skipped/>
  </testcase> <!-- RediffLogin -->
  <system-out/>
</testsuite> <!-- testngparametrization.DataProvider_Excel -->
