<?xml version="1.0" encoding="UTF-8"?>
<!-- Generated by org.testng.reporters.JUnitReportReporter -->
<testsuite skipped="0" hostname="LAPTOP-13LQO7QE" name="testnglearning_youtubechannel.Hindi_ITestContext" tests="3" failures="0" timestamp="2020-06-17T10:02:57 IST" time="0.018" errors="0">
  <testcase name="setUp" time="0.014" classname="testnglearning_youtubechannel.Hindi_ITestContext"/>
  <system-out/>
  <testcase name="Logic" time="0.002" classname="testnglearning_youtubechannel.Hindi_ITestContext"/>
  <system-out/>
  <testcase name="exit" time="0.002" classname="testnglearning_youtubechannel.Hindi_ITestContext"/>
  <system-out/>
</testsuite> <!-- testnglearning_youtubechannel.Hindi_ITestContext -->
