<?xml version="1.0" encoding="UTF-8"?>
<!-- Generated by org.testng.reporters.JUnitReportReporter -->
<testsuite skipped="0" hostname="LAPTOP-13LQO7QE" name="testnglearning_youtubechannel.Hindi_parameterization_testngxml" tests="1" failures="0" timestamp="2020-06-18T10:38:58 IST" time="22.011" errors="0">
  <testcase name="Rediff" time="22.011" classname="testnglearning_youtubechannel.Hindi_parameterization_testngxml"/>
  <system-out/>
</testsuite> <!-- testnglearning_youtubechannel.Hindi_parameterization_testngxml -->
