<?xml version="1.0" encoding="UTF-8"?>
<!-- Generated by org.testng.reporters.JUnitReportReporter -->
<testsuite skipped="1" hostname="LAPTOP-13LQO7QE" name="testngparametrization.LoginTest" tests="2" failures="0" timestamp="2020-05-30T15:10:13 IST" time="9.111" errors="0">
  <testcase name="RediffLogin" time="0.000" classname="testngparametrization.LoginTest">
    <skipped/>
  </testcase> <!-- RediffLogin -->
  <system-out/>
  <testcase name="websiteOpen" time="9.111" classname="testngparametrization.LoginTest"/>
  <system-out/>
</testsuite> <!-- testngparametrization.LoginTest -->
