<?xml version="1.0" encoding="UTF-8"?>
<!-- Generated by org.testng.reporters.JUnitReportReporter -->
<testsuite skipped="0" hostname="LAPTOP-13LQO7QE" name="testnglearning_youtubechannel.DP_Concepts" tests="3" failures="0" timestamp="2020-06-04T10:45:16 IST" time="0.011" errors="0">
  <testcase name="RegisteringNewUser" time="0.009" classname="testnglearning_youtubechannel.DP_Concepts"/>
  <system-out/>
  <testcase name="RegisteringNewUser" time="0.001" classname="testnglearning_youtubechannel.DP_Concepts"/>
  <system-out/>
  <testcase name="RegisteringNewUser" time="0.001" classname="testnglearning_youtubechannel.DP_Concepts"/>
  <system-out/>
</testsuite> <!-- testnglearning_youtubechannel.DP_Concepts -->
