<?xml version="1.0" encoding="UTF-8"?>
<!-- Generated by org.testng.reporters.JUnitReportReporter -->
<testsuite skipped="2" hostname="LAPTOP-13LQO7QE" name="testnglearning_youtubechannel.Hindi_Priority_Enabled" tests="6" failures="0" timestamp="2020-06-17T10:02:57 IST" time="0.004" errors="0">
  <testcase name="registerUser" time="0.001" classname="testnglearning_youtubechannel.Hindi_Priority_Enabled"/>
  <system-out/>
  <testcase name="ValidLoginCredentials" time="0.001" classname="testnglearning_youtubechannel.Hindi_Priority_Enabled"/>
  <system-out/>
  <testcase name="HomePage" time="0.001" classname="testnglearning_youtubechannel.Hindi_Priority_Enabled"/>
  <system-out/>
  <testcase name="LogOut" time="0.001" classname="testnglearning_youtubechannel.Hindi_Priority_Enabled"/>
  <system-out/>
  <testcase name="AddBeneficiary" classname="testnglearning_youtubechannel.Hindi_Priority_Enabled">
    <skipped/>
  </testcase> <!-- AddBeneficiary -->
  <system-out/>
  <testcase name="validatingBeneficiary" classname="testnglearning_youtubechannel.Hindi_Priority_Enabled">
    <skipped/>
  </testcase> <!-- validatingBeneficiary -->
  <system-out/>
</testsuite> <!-- testnglearning_youtubechannel.Hindi_Priority_Enabled -->
