<?xml version="1.0" encoding="UTF-8"?>
<!-- Generated by org.testng.reporters.JUnitReportReporter -->
<testsuite skipped="0" hostname="LAPTOP-13LQO7QE" name="testng.Hindi_Groups" tests="5" failures="0" timestamp="2020-06-17T10:06:08 IST" time="0.006" errors="0">
  <testcase name="EnterURL" time="0.002" classname="testng.Hindi_Groups"/>
  <system-out/>
  <testcase name="LandingPage" time="0.001" classname="testng.Hindi_Groups"/>
  <system-out/>
  <testcase name="RegisterUser" time="0.001" classname="testng.Hindi_Groups"/>
  <system-out/>
  <testcase name="UserLogin" time="0.001" classname="testng.Hindi_Groups"/>
  <system-out/>
  <testcase name="LogOut" time="0.001" classname="testng.Hindi_Groups"/>
  <system-out/>
</testsuite> <!-- testng.Hindi_Groups -->
