<?xml version="1.0" encoding="UTF-8"?>
<!-- Generated by org.testng.reporters.JUnitReportReporter -->
<testsuite skipped="0" hostname="LAPTOP-13LQO7QE" name="testnglearning_youtubechannel.TestCases_DataProvider" tests="9" failures="0" timestamp="2020-06-17T10:13:12 IST" time="0.013" errors="0">
  <testcase name="DeleteUser" time="0.002" classname="testnglearning_youtubechannel.TestCases_DataProvider"/>
  <system-out/>
  <testcase name="RegisterUser" time="0.002" classname="testnglearning_youtubechannel.TestCases_DataProvider"/>
  <system-out/>
  <testcase name="DeleteUser" time="0.002" classname="testnglearning_youtubechannel.TestCases_DataProvider"/>
  <system-out/>
  <testcase name="RegisterUser" time="0.001" classname="testnglearning_youtubechannel.TestCases_DataProvider"/>
  <system-out/>
  <testcase name="AddUser" time="0.002" classname="testnglearning_youtubechannel.TestCases_DataProvider"/>
  <system-out/>
  <testcase name="DeleteUser" time="0.001" classname="testnglearning_youtubechannel.TestCases_DataProvider"/>
  <system-out/>
  <testcase name="RegisterUser" time="0.001" classname="testnglearning_youtubechannel.TestCases_DataProvider"/>
  <system-out/>
  <testcase name="AddUser" time="0.001" classname="testnglearning_youtubechannel.TestCases_DataProvider"/>
  <system-out/>
  <testcase name="AddUser" time="0.001" classname="testnglearning_youtubechannel.TestCases_DataProvider"/>
  <system-out/>
</testsuite> <!-- testnglearning_youtubechannel.TestCases_DataProvider -->
