<?xml version="1.0" encoding="UTF-8"?>
<!-- Generated by org.testng.reporters.JUnitReportReporter -->
<testsuite skipped="0" hostname="LAPTOP-13LQO7QE" name="rediff.Rediff_UsingTestNG" tests="4" failures="0" timestamp="2020-09-22T06:55:44 IST" time="7.599" errors="0">
  <testcase name="signout" time="5.606" classname="rediff.Rediff_UsingTestNG"/>
  <system-out/>
  <testcase name="ValidatingLandingPageOfRediff" time="0.034" classname="rediff.Rediff_UsingTestNG"/>
  <system-out/>
  <testcase name="checkingAlertAndLoggingIn" time="0.920" classname="rediff.Rediff_UsingTestNG"/>
  <system-out/>
  <testcase name="LoginPageOfRediff" time="1.039" classname="rediff.Rediff_UsingTestNG"/>
  <system-out/>
</testsuite> <!-- rediff.Rediff_UsingTestNG -->
