<?xml version="1.0" encoding="UTF-8"?>
<!-- Generated by org.testng.reporters.JUnitReportReporter -->
<testsuite skipped="0" hostname="LAPTOP-13LQO7QE" name="impact_sanity_tasks.Task2624" tests="1" failures="0" timestamp="2021-02-22T18:29:58 IST" time="29.359" errors="0">
  <testcase name="formsBugCellActionRegressionTest" time="29.359" classname="impact_sanity_tasks.Task2624"/>
  <system-out/>
</testsuite> <!-- impact_sanity_tasks.Task2624 -->
