<?xml version="1.0" encoding="UTF-8"?>
<!-- Generated by org.testng.reporters.JUnitReportReporter -->
<testsuite skipped="0" hostname="LAPTOP-13LQO7QE" name="testnglearning_youtubechannel.ITestContext_Learning" tests="3" failures="0" timestamp="2020-06-17T10:17:20 IST" time="0.003" errors="0">
  <testcase name="SwitchON" time="0.001" classname="testnglearning_youtubechannel.ITestContext_Learning"/>
  <system-out/>
  <testcase name="Operating" time="0.001" classname="testnglearning_youtubechannel.ITestContext_Learning"/>
  <system-out/>
  <testcase name="SwitchOff" time="0.001" classname="testnglearning_youtubechannel.ITestContext_Learning"/>
  <system-out/>
</testsuite> <!-- testnglearning_youtubechannel.ITestContext_Learning -->
