<?xml version="1.0" encoding="UTF-8"?>
<!-- Generated by org.testng.reporters.JUnitReportReporter -->
<testsuite skipped="0" hostname="LAPTOP-13LQO7QE" name="testnglearning_youtubechannel.ITestContext_knowledge" tests="3" failures="0" timestamp="2020-06-10T17:18:40 IST" time="0.023" errors="0">
  <testcase name="SwitchOff" time="0.001" classname="testnglearning_youtubechannel.ITestContext_knowledge"/>
  <system-out/>
  <testcase name="Operating" time="0.001" classname="testnglearning_youtubechannel.ITestContext_knowledge"/>
  <system-out/>
  <testcase name="SwitchON" time="0.021" classname="testnglearning_youtubechannel.ITestContext_knowledge"/>
  <system-out/>
</testsuite> <!-- testnglearning_youtubechannel.ITestContext_knowledge -->
