<?xml version="1.0" encoding="UTF-8"?>
<!-- Generated by org.testng.reporters.JUnitReportReporter -->
<testsuite skipped="0" hostname="LAPTOP-13LQO7QE" name="taditseleniumbatch.Rediff_TestNg_annotations" tests="4" failures="0" timestamp="2020-09-15T07:17:58 IST" time="21.142" errors="0">
  <testcase name="openURL" time="14.454" classname="taditseleniumbatch.Rediff_TestNg_annotations"/>
  <system-out/>
  <testcase name="loginPage" time="0.895" classname="taditseleniumbatch.Rediff_TestNg_annotations"/>
  <system-out/>
  <testcase name="loginCredentials" time="4.928" classname="taditseleniumbatch.Rediff_TestNg_annotations"/>
  <system-out/>
  <testcase name="tearDown" time="0.865" classname="taditseleniumbatch.Rediff_TestNg_annotations"/>
  <system-out/>
</testsuite> <!-- taditseleniumbatch.Rediff_TestNg_annotations -->
