<?xml version="1.0" encoding="UTF-8"?>
<!-- Generated by org.testng.reporters.JUnitReportReporter -->
<testsuite skipped="0" hostname="LAPTOP-13LQO7QE" name="taditseleniumbatch.TestNG_Concepts" tests="4" failures="0" timestamp="2020-09-22T06:45:39 IST" time="0.028" errors="0">
  <testcase name="launchUrl" time="0.004" classname="taditseleniumbatch.TestNG_Concepts"/>
  <system-out/>
  <testcase name="loginCredentials" time="0.003" classname="taditseleniumbatch.TestNG_Concepts"/>
  <system-out/>
  <testcase name="homepageValidation" time="0.009" classname="taditseleniumbatch.TestNG_Concepts"/>
  <system-out/>
  <testcase name="logOut" time="0.012" classname="taditseleniumbatch.TestNG_Concepts"/>
  <system-out/>
</testsuite> <!-- taditseleniumbatch.TestNG_Concepts -->
