<?xml version="1.0" encoding="UTF-8"?>
<!-- Generated by org.testng.reporters.JUnitReportReporter -->
<testsuite skipped="0" hostname="LAPTOP-13LQO7QE" name="taditseleniumbatch2.A" tests="1" failures="0" timestamp="2020-12-30T07:43:55 IST" time="21.737" errors="0">
  <testcase name="launchURL" time="21.737" classname="taditseleniumbatch2.A"/>
  <system-out/>
</testsuite> <!-- taditseleniumbatch2.A -->
