<?xml version="1.0" encoding="UTF-8"?>
<!-- Generated by org.testng.reporters.JUnitReportReporter -->
<testsuite skipped="0" hostname="LAPTOP-13LQO7QE" name="selenium_testng_basics.First_Class" tests="1" failures="0" timestamp="2020-09-23T07:21:41 IST" time="44.538" errors="0">
  <testcase name="Rediff" time="44.538" classname="selenium_testng_basics.First_Class"/>
  <system-out/>
</testsuite> <!-- selenium_testng_basics.First_Class -->
