<?xml version="1.0" encoding="UTF-8"?>
<!-- Generated by org.testng.reporters.JUnitReportReporter -->
<testsuite skipped="0" hostname="LAPTOP-13LQO7QE" name="testng_cmegroup.Complete_TestNG_Features" tests="4" failures="0" timestamp="2020-07-15T12:48:43 IST" time="0.011" errors="0">
  <testcase name="RegistrationPage" time="0.002" classname="testng_cmegroup.Complete_TestNG_Features"/>
  <system-out/>
  <testcase name="Login" time="0.006" classname="testng_cmegroup.Complete_TestNG_Features"/>
  <system-out/>
  <testcase name="HomePage" time="0.001" classname="testng_cmegroup.Complete_TestNG_Features"/>
  <system-out/>
  <testcase name="LogOut" time="0.002" classname="testng_cmegroup.Complete_TestNG_Features"/>
  <system-out/>
</testsuite> <!-- testng_cmegroup.Complete_TestNG_Features -->
