<?xml version="1.0" encoding="UTF-8"?>
<!-- Generated by org.testng.reporters.JUnitReportReporter -->
<testsuite skipped="0" hostname="LAPTOP-13LQO7QE" name="testnglearning_youtubechannel.Hindi_Groups" tests="5" failures="0" timestamp="2020-06-12T17:21:26 IST" time="0.006" errors="0">
  <testcase name="EnterURL" time="0.001" classname="testnglearning_youtubechannel.Hindi_Groups"/>
  <system-out/>
  <testcase name="LandingPage" time="0.001" classname="testnglearning_youtubechannel.Hindi_Groups"/>
  <system-out/>
  <testcase name="RegisterUser" time="0.002" classname="testnglearning_youtubechannel.Hindi_Groups"/>
  <system-out/>
  <testcase name="UserLogin" time="0.001" classname="testnglearning_youtubechannel.Hindi_Groups"/>
  <system-out/>
  <testcase name="LogOut" time="0.001" classname="testnglearning_youtubechannel.Hindi_Groups"/>
  <system-out/>
</testsuite> <!-- testnglearning_youtubechannel.Hindi_Groups -->
